[2026-02-04 22:13:12] [INFO    ] discord.client: logging in using static token
Traceback (most recent call last):
  File "/home/aster/Random Code/Ron/ron_bot.py", line 249, in <module>
    bot.run(TOKEN)
    ~~~~~~~^^^^^^^
  File "/home/aster/Random Code/Ron/.venv/lib/python3.14/site-packages/discord/client.py", line 929, in run
    asyncio.run(runner())
    ~~~~~~~~~~~^^^^^^^^^^
  File "/usr/lib/python3.14/asyncio/runners.py", line 204, in run
    return runner.run(main)
           ~~~~~~~~~~^^^^^^
  File "/usr/lib/python3.14/asyncio/runners.py", line 127, in run
    return self._loop.run_until_complete(task)
           ~~~~~~~~~~~~~~~~~~~~~~~~~~~~~^^^^^^
  File "/usr/lib/python3.14/asyncio/base_events.py", line 719, in run_until_complete
    return future.result()
           ~~~~~~~~~~~~~^^
  File "/home/aster/Random Code/Ron/.venv/lib/python3.14/site-packages/discord/client.py", line 918, in runner
    await self.start(token, reconnect=reconnect)
  File "/home/aster/Random Code/Ron/.venv/lib/python3.14/site-packages/discord/client.py", line 847, in start
    await self.connect(reconnect=reconnect)
  File "/home/aster/Random Code/Ron/.venv/lib/python3.14/site-packages/discord/client.py", line 771, in connect
    raise PrivilegedIntentsRequired(exc.shard_id) from None
discord.errors.PrivilegedIntentsRequired: Shard ID None is requesting privileged intents that have not been explicitly enabled in the developer portal. It is recommended to go to https://discord.com/developers/applications/ and explicitly enable the privileged intents within your application's page. If this is not possible, then consider disabling the privileged intents instead.
[2026-02-04 22:14:29] [INFO    ] discord.client: logging in using static token
Traceback (most recent call last):
  File "/home/aster/Random Code/Ron/ron_bot.py", line 249, in <module>
    bot.run(TOKEN)
    ~~~~~~~^^^^^^^
  File "/home/aster/Random Code/Ron/.venv/lib/python3.14/site-packages/discord/client.py", line 929, in run
    asyncio.run(runner())
    ~~~~~~~~~~~^^^^^^^^^^
  File "/usr/lib/python3.14/asyncio/runners.py", line 204, in run
    return runner.run(main)
           ~~~~~~~~~~^^^^^^
  File "/usr/lib/python3.14/asyncio/runners.py", line 127, in run
    return self._loop.run_until_complete(task)
           ~~~~~~~~~~~~~~~~~~~~~~~~~~~~~^^^^^^
  File "/usr/lib/python3.14/asyncio/base_events.py", line 719, in run_until_complete
    return future.result()
           ~~~~~~~~~~~~~^^
  File "/home/aster/Random Code/Ron/.venv/lib/python3.14/site-packages/discord/client.py", line 918, in runner
    await self.start(token, reconnect=reconnect)
  File "/home/aster/Random Code/Ron/.venv/lib/python3.14/site-packages/discord/client.py", line 847, in start
    await self.connect(reconnect=reconnect)
  File "/home/aster/Random Code/Ron/.venv/lib/python3.14/site-packages/discord/client.py", line 771, in connect
    raise PrivilegedIntentsRequired(exc.shard_id) from None
discord.errors.PrivilegedIntentsRequired: Shard ID None is requesting privileged intents that have not been explicitly enabled in the developer portal. It is recommended to go to https://discord.com/developers/applications/ and explicitly enable the privileged intents within your application's page. If this is not possible, then consider disabling the privileged intents instead.
[2026-02-04 22:14:51] [INFO    ] discord.client: logging in using static token
Traceback (most recent call last):
  File "/home/aster/Random Code/Ron/ron_bot.py", line 249, in <module>
    bot.run(TOKEN)
    ~~~~~~~^^^^^^^
  File "/home/aster/Random Code/Ron/.venv/lib/python3.14/site-packages/discord/client.py", line 929, in run
    asyncio.run(runner())
    ~~~~~~~~~~~^^^^^^^^^^
  File "/usr/lib/python3.14/asyncio/runners.py", line 204, in run
    return runner.run(main)
           ~~~~~~~~~~^^^^^^
  File "/usr/lib/python3.14/asyncio/runners.py", line 127, in run
    return self._loop.run_until_complete(task)
           ~~~~~~~~~~~~~~~~~~~~~~~~~~~~~^^^^^^
  File "/usr/lib/python3.14/asyncio/base_events.py", line 719, in run_until_complete
    return future.result()
           ~~~~~~~~~~~~~^^
  File "/home/aster/Random Code/Ron/.venv/lib/python3.14/site-packages/discord/client.py", line 918, in runner
    await self.start(token, reconnect=reconnect)
  File "/home/aster/Random Code/Ron/.venv/lib/python3.14/site-packages/discord/client.py", line 847, in start
    await self.connect(reconnect=reconnect)
  File "/home/aster/Random Code/Ron/.venv/lib/python3.14/site-packages/discord/client.py", line 771, in connect
    raise PrivilegedIntentsRequired(exc.shard_id) from None
discord.errors.PrivilegedIntentsRequired: Shard ID None is requesting privileged intents that have not been explicitly enabled in the developer portal. It is recommended to go to https://discord.com/developers/applications/ and explicitly enable the privileged intents within your application's page. If this is not possible, then consider disabling the privileged intents instead.
[2026-02-04 22:17:09] [INFO    ] discord.client: logging in using static token
[2026-02-04 22:17:10] [INFO    ] discord.gateway: Shard ID None has connected to Gateway (Session ID: c14e107d81a07246301164f87da99308).
[2026-02-04 22:22:27] [INFO    ] discord.gateway: Shard ID None session has been invalidated.
Ron is ready. Logged in as: Ron#3641 (ID: 1468793009599680535)
Traceback (most recent call last):
  File "/home/aster/Random Code/Ron/ron_bot.py", line 249, in <module>
    bot.run(TOKEN)
    ~~~~~~~^^^^^^^
  File "/home/aster/Random Code/Ron/.venv/lib/python3.14/site-packages/discord/client.py", line 929, in run
    asyncio.run(runner())
    ~~~~~~~~~~~^^^^^^^^^^
  File "/usr/lib/python3.14/asyncio/runners.py", line 204, in run
    return runner.run(main)
           ~~~~~~~~~~^^^^^^
  File "/usr/lib/python3.14/asyncio/runners.py", line 127, in run
    return self._loop.run_until_complete(task)
           ~~~~~~~~~~~~~~~~~~~~~~~~~~~~~^^^^^^
  File "/usr/lib/python3.14/asyncio/base_events.py", line 719, in run_until_complete
    return future.result()
           ~~~~~~~~~~~~~^^
  File "/home/aster/Random Code/Ron/.venv/lib/python3.14/site-packages/discord/client.py", line 918, in runner
    await self.start(token, reconnect=reconnect)
  File "/home/aster/Random Code/Ron/.venv/lib/python3.14/site-packages/discord/client.py", line 847, in start
    await self.connect(reconnect=reconnect)
  File "/home/aster/Random Code/Ron/.venv/lib/python3.14/site-packages/discord/client.py", line 727, in connect
    await self.ws.poll_event()
  File "/home/aster/Random Code/Ron/.venv/lib/python3.14/site-packages/discord/gateway.py", line 658, in poll_event
    raise ConnectionClosed(self.socket, shard_id=self.shard_id, code=code) from None
discord.errors.ConnectionClosed: Shard ID None WebSocket closed with 4004
[2026-02-04 22:23:40] [INFO    ] discord.client: logging in using static token
[2026-02-04 22:23:41] [INFO    ] discord.gateway: Shard ID None has connected to Gateway (Session ID: a0f032de44913830cd9164e207a381f2).
[2026-02-04 22:25:05] [ERROR   ] discord.ext.commands.bot: Ignoring exception in command None
discord.ext.commands.errors.CommandNotFound: Command "roll" is not found
[2026-02-04 22:25:13] [ERROR   ] discord.ext.commands.bot: Ignoring exception in command None
discord.ext.commands.errors.CommandNotFound: Command "roll" is not found
[2026-02-04 22:25:44] [ERROR   ] discord.ext.commands.bot: Ignoring exception in command None
discord.ext.commands.errors.CommandNotFound: Command "remind" is not found
[2026-02-04 22:27:53] [INFO    ] discord.client: logging in using static token
[2026-02-04 22:27:53] [INFO    ] discord.gateway: Shard ID None has connected to Gateway (Session ID: 33a41bc60fad0f97f510d08911f6e32a).
[2026-02-04 22:31:13] [INFO    ] discord.client: logging in using static token
[2026-02-04 22:31:14] [INFO    ] discord.gateway: Shard ID None has connected to Gateway (Session ID: 0ccd76dfce28908b3f72eefcfd7703fb).
[2026-02-04 22:32:28] [ERROR   ] discord.app_commands.tree: Ignoring exception in command 'dm'
Traceback (most recent call last):
  File "/home/aster/Random Code/Ron/.venv/lib/python3.14/site-packages/discord/app_commands/tree.py", line 1297, in _call
    await command._invoke_with_namespace(interaction, namespace)
  File "/home/aster/Random Code/Ron/.venv/lib/python3.14/site-packages/discord/app_commands/commands.py", line 883, in _invoke_with_namespace
    transformed_values = await self._transform_arguments(interaction, namespace)
                         ^^^^^^^^^^^^^^^^^^^^^^^^^^^^^^^^^^^^^^^^^^^^^^^^^^^^^^^
  File "/home/aster/Random Code/Ron/.venv/lib/python3.14/site-packages/discord/app_commands/commands.py", line 849, in _transform_arguments
    transformed_values[param.name] = await param.transform(interaction, value)
                                     ^^^^^^^^^^^^^^^^^^^^^^^^^^^^^^^^^^^^^^^^^
  File "/home/aster/Random Code/Ron/.venv/lib/python3.14/site-packages/discord/app_commands/transformers.py", line 182, in transform
    return await maybe_coroutine(self._annotation.transform, interaction, value)
           ^^^^^^^^^^^^^^^^^^^^^^^^^^^^^^^^^^^^^^^^^^^^^^^^^^^^^^^^^^^^^^^^^^^^^
  File "/home/aster/Random Code/Ron/.venv/lib/python3.14/site-packages/discord/utils.py", line 707, in maybe_coroutine
    return await value
           ^^^^^^^^^^^
  File "/home/aster/Random Code/Ron/.venv/lib/python3.14/site-packages/discord/app_commands/transformers.py", line 623, in transform
    raise TransformerError(value, self.type, self)
discord.app_commands.errors.TransformerError: Failed to convert asters.world to Member
[2026-02-04 22:33:47] [INFO    ] discord.client: logging in using static token
[2026-02-04 22:33:48] [INFO    ] discord.gateway: Shard ID None has connected to Gateway (Session ID: 84b7d8cbc086ce58276670cdfc494e72).
[2026-02-04 22:35:58] [INFO    ] discord.client: logging in using static token
[2026-02-04 22:35:59] [INFO    ] discord.gateway: Shard ID None has connected to Gateway (Session ID: 960ec7cbe8ae86fc6eabb1abb47b990d).
[2026-02-04 22:37:25] [INFO    ] discord.client: logging in using static token
[2026-02-04 22:37:25] [INFO    ] discord.gateway: Shard ID None has connected to Gateway (Session ID: 7a2fff60c8625c597d52aac20a52d5e0).
[2026-02-04 22:40:36] [INFO    ] discord.client: logging in using static token
[2026-02-04 22:40:36] [INFO    ] discord.gateway: Shard ID None has connected to Gateway (Session ID: 5e721bf64a4e72bb428ff404ce2e78c8).
[2026-02-04 22:46:51] [INFO    ] discord.gateway: Shard ID None has successfully RESUMED session 5e721bf64a4e72bb428ff404ce2e78c8.
[2026-02-04 22:57:32] [INFO    ] discord.client: logging in using static token
[2026-02-04 22:57:33] [INFO    ] discord.gateway: Shard ID None has connected to Gateway (Session ID: 66e0b9806c467d2944402ba3199ab7ba).
[2026-02-05 10:52:20] [INFO    ] discord.client: logging in using static token
[2026-02-05 10:52:21] [INFO    ] discord.gateway: Shard ID None has connected to Gateway (Session ID: 770be45e6bf5cf98875cb0fe31009d0c).
[2026-02-05 11:11:18] [INFO    ] discord.client: logging in using static token
[2026-02-05 11:11:19] [INFO    ] discord.gateway: Shard ID None has connected to Gateway (Session ID: 8a5449881b68681c98f74404d87c0e10).
[2026-02-05 15:13:36] [INFO    ] discord.client: logging in using static token
[2026-02-05 15:13:36] [INFO    ] discord.gateway: Shard ID None has connected to Gateway (Session ID: 86f980a63331ff4a4a666fc8b3aa4b53).
Traceback (most recent call last):
  File "/home/aster/Random-Code/Ron/ron_bot.py", line 109, in <module>
    bot.water_reminder_task = asyncio.create_task(asyncio.sleep(0))  # Placeholder
                              ~~~~~~~~~~~~~~~~~~~^^^^^^^^^^^^^^^^^^
  File "/usr/lib/python3.14/asyncio/tasks.py", line 394, in create_task
    loop = events.get_running_loop()
RuntimeError: no running event loop
<sys>:0: RuntimeWarning: coroutine 'sleep' was never awaited
[2026-02-07 10:55:15] [INFO    ] discord.client: logging in using static token
[2026-02-07 10:55:16] [INFO    ] discord.gateway: Shard ID None has connected to Gateway (Session ID: ac4852f5097cdee0e0a98e716ca26e1a).
[2026-02-07 11:01:25] [ERROR   ] discord.ext.commands.bot: Ignoring exception in command None
discord.ext.commands.errors.CommandNotFound: Command "sync" is not found
Traceback (most recent call last):
  File "/home/aster/Random-Code/Ron/ron_bot.py", line 607, in <module>
    @bot.command()
     ~~~~~~~~~~~^^
  File "/home/aster/Random-Code/Ron/.venv/lib/python3.14/site-packages/discord/ext/commands/core.py", line 1553, in decorator
    self.add_command(result)
    ~~~~~~~~~~~~~~~~^^^^^^^^
  File "/home/aster/Random-Code/Ron/.venv/lib/python3.14/site-packages/discord/ext/commands/bot.py", line 264, in add_command
    super().add_command(command)
    ~~~~~~~~~~~~~~~~~~~^^^^^^^^^
  File "/home/aster/Random-Code/Ron/.venv/lib/python3.14/site-packages/discord/ext/commands/core.py", line 1391, in add_command
    raise CommandRegistrationError(command.name)
discord.ext.commands.errors.CommandRegistrationError: The command help is already an existing command or alias.
[2026-02-07 11:04:10] [INFO    ] discord.client: logging in using static token
[2026-02-07 11:04:10] [INFO    ] discord.gateway: Shard ID None has connected to Gateway (Session ID: 89fb69a28e71b81f726d708967d77fc0).
[2026-02-07 11:07:25] [INFO    ] discord.client: logging in using static token
[2026-02-07 11:07:25] [INFO    ] discord.gateway: Shard ID None has connected to Gateway (Session ID: faecb832308d08ef2e5934b26092673a).
